WARM Assembly of ten.s                                                  Page 1

Line [ Addr ]
0001           ;;; (c) Qianwen (Tiffany) Zheng - a program to print 1 to 10
0002                   ;; for (i=1; i <=10; i++) printf("%d\n",i);
0003 [0x0000]:         .requ   i,r1
0004 [0x0000]:         mov     i,#1
     [0x0000]: 0x05880001 = 0b00000101100010000000000000000001
0005 [0x0001]: loop:   cmp     i,#10
     [0x0001]: 0x11808205 = 0b00010001100000001000001000000101
0006 [0x0002]:         bgt     done
     [0x0002]: 0xec000007 = 0b11101100000000000000000000000111
0007 [0x0003]:         mov     r0,i
     [0x0003]: 0x05804040 = 0b00000101100000000100000001000000
0008 [0x0004]:         swi     #SysPutNum      ;print i
     [0x0004]: 0x06800401 = 0b00000110100000000000010000000001
0009 [0x0005]:         mov     r0,#'\n
     [0x0005]: 0x05800205 = 0b00000101100000000000001000000101
0010 [0x0006]:         swi     #SysPutChar
     [0x0006]: 0x06800003 = 0b00000110100000000000000000000011
0011 [0x0007]:         add     i,i,#1          ;increments i
     [0x0007]: 0x00088001 = 0b00000000000010001000000000000001
0012 [0x0008]:         b       loop
     [0x0008]: 0x0cfffff9 = 0b00001100111111111111111111111001
0013 [0x0009]: done:   swi     #SysHalt        ;//must halt the machine
     [0x0009]: 0x06800000 = 0b00000110100000000000000000000000

-------------------------------------------------------------------------------
Symbols defined:
        done=9              loop=1      
-------------------------------------------------------------------------------
Assembled 10 instructions at 263.16 instructions per second.
